다음에 푸시: https://github.com/Yeosu-expo/DeepSpeed-Test.git
POST git-receive-pack (27087 bytes)
remote: error: GH013: Repository rule violations found for refs/heads/main.        
remote: 
remote: - GITHUB PUSH PROTECTION        
remote:   —————————————————————————————————————————        
remote:     Resolve the following violations before pushing again        
remote: 
remote:     - Push cannot contain secrets        
remote: 
remote:             
remote:      (?) Learn how to resolve a blocked push        
remote:      https://docs.github.com/code-security/secret-scanning/working-with-secret-scanning-and-push-protection/working-with-push-protection-from-the-command-line#resolving-a-blocked-push        
remote:             
remote:             
remote:       —— Hugging Face User Access Token ————————————————————        
remote:        locations:        
remote:          - commit: ab24e7591d3ce8eca0bb43bb3a50e2704fdae376        
remote:            path: alpha-code/test.py:95        
remote:          - commit: ab24e7591d3ce8eca0bb43bb3a50e2704fdae376        
remote:            path: alpha-code/test_ac_stage2.py:98        
remote:          - commit: ab24e7591d3ce8eca0bb43bb3a50e2704fdae376        
remote:            path: alpha-code/test_single.py:75        
remote:          - commit: ab24e7591d3ce8eca0bb43bb3a50e2704fdae376        
remote:            path: alpha-code/test_stage2.py:98        
remote:             
remote:        (?) To push, remove secret from commit(s) or follow this URL to allow the secret.        
remote:        https://github.com/Yeosu-expo/DeepSpeed-Test/security/secret-scanning/unblock-secret/31XB2zeFuTbyV1CbL5Ncp3YfSmv        
remote:             
remote: 
remote: 
To https://github.com/Yeosu-expo/DeepSpeed-Test.git
 ! [remote rejected] main -> main (push declined due to repository rule violations)
error: 레퍼런스를 'https://github.com/Yeosu-expo/DeepSpeed-Test.git'에 푸시하는데 실패했습니다
